<?xml version="1.0" encoding="UTF-8"?>
<!-- Generated by org.testng.reporters.JUnitReportReporter -->
<testsuite hostname="DESKTOP-O9MMTFR" failures="0" tests="2" name="dataprovider.hardcode.DataDrivenTest" time="23.226" errors="0" timestamp="2023-02-26T17:00:50 PST" skipped="0">
  <testcase classname="dataprovider.hardcode.DataDrivenTest" name="loginTest" time="14.858"/>
  <system-out/>
  <testcase classname="dataprovider.hardcode.DataDrivenTest" name="loginTest" time="8.368"/>
  <system-out/>
</testsuite> <!-- dataprovider.hardcode.DataDrivenTest -->
