<?xml version="1.0" encoding="UTF-8"?>
<!-- Generated by org.testng.reporters.JUnitReportReporter -->
<testsuite hostname="DESKTOP-O9MMTFR" failures="0" tests="1" name="com.test.ExpectedExeptions" time="0.008" errors="0" timestamp="2023-02-21T11:25:35 PST" skipped="0">
  <testcase classname="com.test.ExpectedExeptions" name="exceptonHandling" time="0.008"/>
  <system-out/>
</testsuite> <!-- com.test.ExpectedExeptions -->
