<?xml version="1.0" encoding="UTF-8"?>
<!-- Generated by org.testng.reporters.JUnitReportReporter -->
<testsuite hostname="DESKTOP-O9MMTFR" failures="0" tests="1" name="com.dataprovider.test.DataDrivenTest" time="7.562" errors="0" timestamp="2023-02-24T16:53:44 PST" skipped="0">
  <testcase classname="com.dataprovider.test.DataDrivenTest" name="getDataFromExcel" time="7.562"/>
  <system-out/>
</testsuite> <!-- com.dataprovider.test.DataDrivenTest -->
