<?xml version="1.0" encoding="UTF-8"?>
<!-- Generated by org.testng.reporters.JUnitReportReporter -->
<testsuite hostname="DESKTOP-O9MMTFR" failures="0" tests="1" name="com.dataprovider.test.DataProviderTest" time="0.000" errors="0" timestamp="2023-02-27T16:46:00 PST" skipped="1">
  <testcase classname="com.dataprovider.test.DataProviderTest" name="createAccountPage" time="0.000">
    <skipped/>
  </testcase> <!-- createAccountPage -->
  <system-out/>
</testsuite> <!-- com.dataprovider.test.DataProviderTest -->
