<?xml version="1.0" encoding="UTF-8"?>
<!-- Generated by org.testng.reporters.JUnitReportReporter -->
<testsuite hostname="DESKTOP-O9MMTFR" failures="0" tests="1" name="com.test.ExpectedExceptions" time="0.001" errors="0" timestamp="2023-02-21T11:32:22 PST" skipped="0">
  <testcase classname="com.test.ExpectedExceptions" name="exceptonHandling" time="0.001"/>
  <system-out/>
</testsuite> <!-- com.test.ExpectedExceptions -->
