<?xml version="1.0" encoding="UTF-8"?>
<!-- Generated by org.testng.reporters.JUnitReportReporter -->
<testsuite hostname="DESKTOP-O9MMTFR" failures="0" tests="2" name="com.test.testNgBasics" time="0.003" errors="0" timestamp="2023-02-21T11:32:22 PST" skipped="0">
  <testcase classname="com.test.testNgBasics" name="searchTest" time="0.003"/>
  <system-out/>
  <testcase classname="com.test.testNgBasics" name="googleTitleTest" time="0.000"/>
  <system-out/>
</testsuite> <!-- com.test.testNgBasics -->
