<?xml version="1.0" encoding="UTF-8"?>
<!-- Generated by org.testng.reporters.JUnitReportReporter -->
<testsuite hostname="DESKTOP-O9MMTFR" failures="0" tests="1" name="com.parameters.ParametersTest" time="45.961" errors="0" timestamp="2023-02-26T15:16:45 PST" skipped="0">
  <testcase classname="com.parameters.ParametersTest" name="yahooLoginTest" time="45.961"/>
  <system-out/>
</testsuite> <!-- com.parameters.ParametersTest -->
