<?xml version="1.0" encoding="UTF-8"?>
<!-- Generated by org.testng.reporters.JUnitReportReporter -->
<testsuite hostname="DESKTOP-O9MMTFR" failures="0" tests="4" name="com.test.GoogleTest" time="10.701" errors="0" timestamp="2023-02-21T11:32:22 PST" skipped="0">
  <testcase classname="com.test.GoogleTest" name="sendSomeKey" time="2.220"/>
  <system-out/>
  <testcase classname="com.test.GoogleTest" name="getTitle" time="3.523"/>
  <system-out/>
  <testcase classname="com.test.GoogleTest" name="isLogoDisplayed" time="2.586"/>
  <system-out/>
  <testcase classname="com.test.GoogleTest" name="search" time="2.372"/>
  <system-out/>
</testsuite> <!-- com.test.GoogleTest -->
